{
  "stats": {
    "suites": 1,
    "tests": 1,
    "passes": 1,
    "pending": 0,
    "failures": 0,
    "start": "2024-06-27T13:36:09.562Z",
    "end": "2024-06-27T13:36:14.475Z",
    "duration": 4913,
    "testsRegistered": 1,
    "passPercent": 100,
    "pendingPercent": 0,
    "other": 0,
    "hasOther": false,
    "skipped": 0,
    "hasSkipped": false
  },
  "results": [
    {
      "uuid": "402d5996-2417-4481-bc97-b93b99e52da0",
      "title": "",
      "fullFile": "cypress/e2e/createNewPost.cy.js",
      "file": "cypress/e2e/createNewPost.cy.js",
      "beforeHooks": [],
      "afterHooks": [],
      "tests": [],
      "suites": [
        {
          "uuid": "26683d2d-3d7d-4ab1-9e84-4f6ba0c942a7",
          "title": "Create New Post",
          "fullFile": "",
          "file": "",
          "beforeHooks": [],
          "afterHooks": [],
          "tests": [
            {
              "title": "Create a new post",
              "fullTitle": "Create New Post Create a new post",
              "timedOut": null,
              "duration": 4859,
              "state": "passed",
              "speed": "fast",
              "pass": true,
              "fail": false,
              "pending": false,
              "context": null,
              "code": "_HomePage.default.clickNewPostButton().enterArticleTitle(\"TEST\").enterArticleAbout(\"Automation\").enterArticle(\"Testing pyramid starts with unit and integration testing.\").enterTags(\"#Automation #Test\");",
              "err": {},
              "uuid": "be1f5b4f-95d3-4241-87e6-ba202a475dd9",
              "parentUUID": "26683d2d-3d7d-4ab1-9e84-4f6ba0c942a7",
              "isHook": false,
              "skipped": false
            }
          ],
          "suites": [],
          "passes": [
            "be1f5b4f-95d3-4241-87e6-ba202a475dd9"
          ],
          "failures": [],
          "pending": [],
          "skipped": [],
          "duration": 4859,
          "root": false,
          "rootEmpty": false,
          "_timeout": 2000
        }
      ],
      "passes": [],
      "failures": [],
      "pending": [],
      "skipped": [],
      "duration": 0,
      "root": true,
      "rootEmpty": true,
      "_timeout": 2000
    }
  ],
  "meta": {
    "mocha": {
      "version": "7.0.1"
    },
    "mochawesome": {
      "options": {
        "quiet": true,
        "reportFilename": "mochawesome",
        "saveHtml": false,
        "saveJson": true,
        "consoleReporter": "spec",
        "useInlineDiffs": false,
        "code": true
      },
      "version": "7.1.3"
    },
    "marge": {
      "options": {
        "id": "default",
        "reportDir": "cypress/reports/mocha",
        "quiet": true,
        "overwrite": false,
        "html": false,
        "json": true
      },
      "version": "6.2.0"
    }
  }
}