{
  "stats": {
    "suites": 1,
    "tests": 1,
    "passes": 0,
    "pending": 0,
    "failures": 1,
    "start": "2024-06-27T15:34:06.669Z",
    "end": "2024-06-27T15:34:07.070Z",
    "duration": 401,
    "testsRegistered": 2,
    "passPercent": 0,
    "pendingPercent": 0,
    "other": 0,
    "hasOther": false,
    "skipped": 1,
    "hasSkipped": true
  },
  "results": [
    {
      "uuid": "91975531-ea2a-468f-82a3-ad8ed0bc9f8f",
      "title": "",
      "fullFile": "cypress/e2e/login.cy.js",
      "file": "cypress/e2e/login.cy.js",
      "beforeHooks": [],
      "afterHooks": [],
      "tests": [],
      "suites": [
        {
          "uuid": "9501889f-2e9e-4f97-ae57-b3c90ee2123f",
          "title": "Login Functionality",
          "fullFile": "",
          "file": "",
          "beforeHooks": [],
          "afterHooks": [],
          "tests": [
            {
              "title": "Conduit - Valid Credentials",
              "fullTitle": "Login Functionality Conduit - Valid Credentials",
              "timedOut": null,
              "duration": 353,
              "state": "failed",
              "speed": null,
              "pass": false,
              "fail": true,
              "pending": false,
              "context": null,
              "code": "_HomePage.default.checkYourFeedIsVisible().clickSettingsButton().clickLogoutButton();",
              "err": {
                "message": "TypeError: The following error originated from your application code, not from Cypress. It was caused by an unhandled promise rejection.\n\n  > Cannot read properties of undefined (reading 'body')\n\nWhen Cypress detects uncaught errors originating from your application it will automatically fail the current test.\n\nThis behavior is configurable, and you can choose to turn this off by listening to the `uncaught:exception` event.\n\nhttps://on.cypress.io/uncaught-exception-from-application\n\nBecause this error occurred during a `before each` hook we are skipping the remaining tests in the current suite: `Login Functionality`",
                "estack": "TypeError: The following error originated from your application code, not from Cypress. It was caused by an unhandled promise rejection.\n\n  > Cannot read properties of undefined (reading 'body')\n\nWhen Cypress detects uncaught errors originating from your application it will automatically fail the current test.\n\nThis behavior is configurable, and you can choose to turn this off by listening to the `uncaught:exception` event.\n\nhttps://on.cypress.io/uncaught-exception-from-application\n\nBecause this error occurred during a `before each` hook we are skipping the remaining tests in the current suite: `Login Functionality`\n    at <unknown> (https://react-redux.realworld.io/main.js:28244:44)",
                "diff": null
              },
              "uuid": "a049a030-f914-4d3a-bb79-a6348bbd7b08",
              "parentUUID": "9501889f-2e9e-4f97-ae57-b3c90ee2123f",
              "isHook": false,
              "skipped": false
            },
            {
              "title": "Conduit - Invalid Credentials",
              "fullTitle": "Login Functionality Conduit - Invalid Credentials",
              "timedOut": null,
              "duration": 0,
              "state": "skipped",
              "speed": null,
              "pass": false,
              "fail": false,
              "pending": false,
              "context": null,
              "code": "cy.conduitLogin(this.data.invalidEmail, this.data.invalidPassword);\ncy.get(\".error-messages\").should(\"contain\", \"email or password is invalid\");",
              "err": {},
              "uuid": "438dc5e3-8b90-4602-a337-c44cec105e6a",
              "parentUUID": "9501889f-2e9e-4f97-ae57-b3c90ee2123f",
              "isHook": false,
              "skipped": true
            }
          ],
          "suites": [],
          "passes": [],
          "failures": [
            "a049a030-f914-4d3a-bb79-a6348bbd7b08"
          ],
          "pending": [],
          "skipped": [
            "438dc5e3-8b90-4602-a337-c44cec105e6a"
          ],
          "duration": 353,
          "root": false,
          "rootEmpty": false,
          "_timeout": 2000
        }
      ],
      "passes": [],
      "failures": [],
      "pending": [],
      "skipped": [],
      "duration": 0,
      "root": true,
      "rootEmpty": true,
      "_timeout": 2000
    }
  ],
  "meta": {
    "mocha": {
      "version": "7.0.1"
    },
    "mochawesome": {
      "options": {
        "quiet": true,
        "reportFilename": "mochawesome",
        "saveHtml": false,
        "saveJson": true,
        "consoleReporter": "spec",
        "useInlineDiffs": false,
        "code": true
      },
      "version": "7.1.3"
    },
    "marge": {
      "options": {
        "id": "default",
        "reportDir": "cypress/reports/mocha",
        "quiet": true,
        "overwrite": false,
        "html": false,
        "json": true
      },
      "version": "6.2.0"
    }
  }
}