{
  "stats": {
    "suites": 1,
    "tests": 4,
    "passes": 4,
    "pending": 0,
    "failures": 0,
    "start": "2024-06-27T15:39:32.342Z",
    "end": "2024-06-27T15:39:33.140Z",
    "duration": 798,
    "testsRegistered": 4,
    "passPercent": 100,
    "pendingPercent": 0,
    "other": 0,
    "hasOther": false,
    "skipped": 0,
    "hasSkipped": false
  },
  "results": [
    {
      "uuid": "4e970840-0649-4d8c-824b-3b79964ff1ec",
      "title": "",
      "fullFile": "cypress/e2e/apiTest.cy.js",
      "file": "cypress/e2e/apiTest.cy.js",
      "beforeHooks": [],
      "afterHooks": [],
      "tests": [],
      "suites": [
        {
          "uuid": "72089449-6431-456f-881f-69a573e34946",
          "title": "API testing",
          "fullFile": "",
          "file": "",
          "beforeHooks": [],
          "afterHooks": [],
          "tests": [
            {
              "title": "GET Method",
              "fullTitle": "API testing GET Method",
              "timedOut": null,
              "duration": 371,
              "state": "passed",
              "speed": "fast",
              "pass": true,
              "fail": false,
              "pending": false,
              "context": null,
              "code": "cy.request(\"GET\", \"https://reqres.in/api/users?page=2\").then(response => {\n  expect(response.status).equal(200);\n  expect(response.body.data[0].first_name).equal(\"Michael\");\n});",
              "err": {},
              "uuid": "82f8d2c3-4e13-4653-8269-18c4ff0698cc",
              "parentUUID": "72089449-6431-456f-881f-69a573e34946",
              "isHook": false,
              "skipped": false
            },
            {
              "title": "POST Method",
              "fullTitle": "API testing POST Method",
              "timedOut": null,
              "duration": 122,
              "state": "passed",
              "speed": "fast",
              "pass": true,
              "fail": false,
              "pending": false,
              "context": null,
              "code": "var user = {\n  name: \"morpheus\",\n  job: \"leader\"\n};\ncy.request(\"POST\", \"https://reqres.in/api/users\", user).then(response => {\n  expect(response.status).equal(201);\n  expect(response.body.name).equal(user.name);\n  expect(response.body.job).equal(user.job);\n});",
              "err": {},
              "uuid": "b4282bae-62cb-4d9b-ba65-1705a253e9d7",
              "parentUUID": "72089449-6431-456f-881f-69a573e34946",
              "isHook": false,
              "skipped": false
            },
            {
              "title": "PUT Method",
              "fullTitle": "API testing PUT Method",
              "timedOut": null,
              "duration": 121,
              "state": "passed",
              "speed": "fast",
              "pass": true,
              "fail": false,
              "pending": false,
              "context": null,
              "code": "var user = {\n  name: \"vignesh\",\n  job: \"tester\"\n};\ncy.request(\"PUT\", \"https://reqres.in/api/users/2\", user).then(response => {\n  expect(response.status).equal(200);\n  expect(response.body.name).equal(user.name);\n  expect(response.body.job).equal(user.job);\n});",
              "err": {},
              "uuid": "6a014fc8-092a-4f72-a61e-81afe40c8093",
              "parentUUID": "72089449-6431-456f-881f-69a573e34946",
              "isHook": false,
              "skipped": false
            },
            {
              "title": "DELETE Method",
              "fullTitle": "API testing DELETE Method",
              "timedOut": null,
              "duration": 110,
              "state": "passed",
              "speed": "fast",
              "pass": true,
              "fail": false,
              "pending": false,
              "context": null,
              "code": "cy.request(\"DELETE\", \"https://reqres.in/api/users/2\").then(response => {\n  expect(response.status).equal(204);\n});",
              "err": {},
              "uuid": "65546c5e-d335-4794-b6b1-dae7e3525f9d",
              "parentUUID": "72089449-6431-456f-881f-69a573e34946",
              "isHook": false,
              "skipped": false
            }
          ],
          "suites": [],
          "passes": [
            "82f8d2c3-4e13-4653-8269-18c4ff0698cc",
            "b4282bae-62cb-4d9b-ba65-1705a253e9d7",
            "6a014fc8-092a-4f72-a61e-81afe40c8093",
            "65546c5e-d335-4794-b6b1-dae7e3525f9d"
          ],
          "failures": [],
          "pending": [],
          "skipped": [],
          "duration": 724,
          "root": false,
          "rootEmpty": false,
          "_timeout": 2000
        }
      ],
      "passes": [],
      "failures": [],
      "pending": [],
      "skipped": [],
      "duration": 0,
      "root": true,
      "rootEmpty": true,
      "_timeout": 2000
    }
  ],
  "meta": {
    "mocha": {
      "version": "7.0.1"
    },
    "mochawesome": {
      "options": {
        "quiet": true,
        "reportFilename": "mochawesome",
        "saveHtml": false,
        "saveJson": true,
        "consoleReporter": "spec",
        "useInlineDiffs": false,
        "code": true
      },
      "version": "7.1.3"
    },
    "marge": {
      "options": {
        "id": "default",
        "reportDir": "cypress/reports/mocha",
        "quiet": true,
        "overwrite": false,
        "html": false,
        "json": true
      },
      "version": "6.2.0"
    }
  }
}