{
  "stats": {
    "suites": 1,
    "tests": 4,
    "passes": 4,
    "pending": 0,
    "failures": 0,
    "start": "2024-06-27T15:34:02.927Z",
    "end": "2024-06-27T15:34:03.564Z",
    "duration": 637,
    "testsRegistered": 4,
    "passPercent": 100,
    "pendingPercent": 0,
    "other": 0,
    "hasOther": false,
    "skipped": 0,
    "hasSkipped": false
  },
  "results": [
    {
      "uuid": "1650815c-a7d5-45c2-b608-a5884502943e",
      "title": "",
      "fullFile": "cypress/e2e/apiTest.cy.js",
      "file": "cypress/e2e/apiTest.cy.js",
      "beforeHooks": [],
      "afterHooks": [],
      "tests": [],
      "suites": [
        {
          "uuid": "78d62d5b-ee83-4c85-a107-32b471521887",
          "title": "API testing",
          "fullFile": "",
          "file": "",
          "beforeHooks": [],
          "afterHooks": [],
          "tests": [
            {
              "title": "GET Method",
              "fullTitle": "API testing GET Method",
              "timedOut": null,
              "duration": 223,
              "state": "passed",
              "speed": "fast",
              "pass": true,
              "fail": false,
              "pending": false,
              "context": null,
              "code": "cy.request(\"GET\", \"https://reqres.in/api/users?page=2\").then(response => {\n  expect(response.status).equal(200);\n  expect(response.body.data[0].first_name).equal(\"Michael\");\n});",
              "err": {},
              "uuid": "43b5ed1a-1673-4b6e-8940-5990b2b59bbb",
              "parentUUID": "78d62d5b-ee83-4c85-a107-32b471521887",
              "isHook": false,
              "skipped": false
            },
            {
              "title": "POST Method",
              "fullTitle": "API testing POST Method",
              "timedOut": null,
              "duration": 119,
              "state": "passed",
              "speed": "fast",
              "pass": true,
              "fail": false,
              "pending": false,
              "context": null,
              "code": "var user = {\n  name: \"morpheus\",\n  job: \"leader\"\n};\ncy.request(\"POST\", \"https://reqres.in/api/users\", user).then(response => {\n  expect(response.status).equal(201);\n  expect(response.body.name).equal(user.name);\n  expect(response.body.job).equal(user.job);\n});",
              "err": {},
              "uuid": "01f84611-f0a3-439e-a5f2-d9feaecb9488",
              "parentUUID": "78d62d5b-ee83-4c85-a107-32b471521887",
              "isHook": false,
              "skipped": false
            },
            {
              "title": "PUT Method",
              "fullTitle": "API testing PUT Method",
              "timedOut": null,
              "duration": 113,
              "state": "passed",
              "speed": "fast",
              "pass": true,
              "fail": false,
              "pending": false,
              "context": null,
              "code": "var user = {\n  name: \"vignesh\",\n  job: \"tester\"\n};\ncy.request(\"PUT\", \"https://reqres.in/api/users/2\", user).then(response => {\n  expect(response.status).equal(200);\n  expect(response.body.name).equal(user.name);\n  expect(response.body.job).equal(user.job);\n});",
              "err": {},
              "uuid": "e84fde49-784e-444c-9f52-4faae500ae0b",
              "parentUUID": "78d62d5b-ee83-4c85-a107-32b471521887",
              "isHook": false,
              "skipped": false
            },
            {
              "title": "DELETE Method",
              "fullTitle": "API testing DELETE Method",
              "timedOut": null,
              "duration": 106,
              "state": "passed",
              "speed": "fast",
              "pass": true,
              "fail": false,
              "pending": false,
              "context": null,
              "code": "cy.request(\"DELETE\", \"https://reqres.in/api/users/2\").then(response => {\n  expect(response.status).equal(204);\n});",
              "err": {},
              "uuid": "3e43f081-4411-4ba1-9deb-a1bc890ca89a",
              "parentUUID": "78d62d5b-ee83-4c85-a107-32b471521887",
              "isHook": false,
              "skipped": false
            }
          ],
          "suites": [],
          "passes": [
            "43b5ed1a-1673-4b6e-8940-5990b2b59bbb",
            "01f84611-f0a3-439e-a5f2-d9feaecb9488",
            "e84fde49-784e-444c-9f52-4faae500ae0b",
            "3e43f081-4411-4ba1-9deb-a1bc890ca89a"
          ],
          "failures": [],
          "pending": [],
          "skipped": [],
          "duration": 561,
          "root": false,
          "rootEmpty": false,
          "_timeout": 2000
        }
      ],
      "passes": [],
      "failures": [],
      "pending": [],
      "skipped": [],
      "duration": 0,
      "root": true,
      "rootEmpty": true,
      "_timeout": 2000
    }
  ],
  "meta": {
    "mocha": {
      "version": "7.0.1"
    },
    "mochawesome": {
      "options": {
        "quiet": true,
        "reportFilename": "mochawesome",
        "saveHtml": false,
        "saveJson": true,
        "consoleReporter": "spec",
        "useInlineDiffs": false,
        "code": true
      },
      "version": "7.1.3"
    },
    "marge": {
      "options": {
        "id": "default",
        "reportDir": "cypress/reports/mocha",
        "quiet": true,
        "overwrite": false,
        "html": false,
        "json": true
      },
      "version": "6.2.0"
    }
  }
}