{
  "stats": {
    "suites": 1,
    "tests": 4,
    "passes": 4,
    "pending": 0,
    "failures": 0,
    "start": "2024-06-27T16:21:26.007Z",
    "end": "2024-06-27T16:21:26.823Z",
    "duration": 816,
    "testsRegistered": 4,
    "passPercent": 100,
    "pendingPercent": 0,
    "other": 0,
    "hasOther": false,
    "skipped": 0,
    "hasSkipped": false
  },
  "results": [
    {
      "uuid": "0fcc28c3-6b28-4634-971b-9f9ec7df4237",
      "title": "",
      "fullFile": "cypress/e2e/apiTest.cy.js",
      "file": "cypress/e2e/apiTest.cy.js",
      "beforeHooks": [],
      "afterHooks": [],
      "tests": [],
      "suites": [
        {
          "uuid": "f091b8f8-48e6-45f4-b192-9c9551b4969a",
          "title": "API testing",
          "fullFile": "",
          "file": "",
          "beforeHooks": [],
          "afterHooks": [],
          "tests": [
            {
              "title": "GET Method",
              "fullTitle": "API testing GET Method",
              "timedOut": null,
              "duration": 410,
              "state": "passed",
              "speed": "fast",
              "pass": true,
              "fail": false,
              "pending": false,
              "context": null,
              "code": "cy.request(\"GET\", \"https://reqres.in/api/users?page=2\").then(response => {\n  expect(response.status).equal(200);\n  expect(response.body.data[0].first_name).equal(\"Michael\");\n});",
              "err": {},
              "uuid": "ab96ad4a-fbb3-4860-8105-d5024256ddba",
              "parentUUID": "f091b8f8-48e6-45f4-b192-9c9551b4969a",
              "isHook": false,
              "skipped": false
            },
            {
              "title": "POST Method",
              "fullTitle": "API testing POST Method",
              "timedOut": null,
              "duration": 110,
              "state": "passed",
              "speed": "fast",
              "pass": true,
              "fail": false,
              "pending": false,
              "context": null,
              "code": "var user = {\n  name: \"morpheus\",\n  job: \"leader\"\n};\ncy.request(\"POST\", \"https://reqres.in/api/users\", user).then(response => {\n  expect(response.status).equal(201);\n  expect(response.body.name).equal(user.name);\n  expect(response.body.job).equal(user.job);\n});",
              "err": {},
              "uuid": "3cb8e1ce-ecba-48d8-9d9f-e0adfa5a0916",
              "parentUUID": "f091b8f8-48e6-45f4-b192-9c9551b4969a",
              "isHook": false,
              "skipped": false
            },
            {
              "title": "PUT Method",
              "fullTitle": "API testing PUT Method",
              "timedOut": null,
              "duration": 110,
              "state": "passed",
              "speed": "fast",
              "pass": true,
              "fail": false,
              "pending": false,
              "context": null,
              "code": "var user = {\n  name: \"vignesh\",\n  job: \"tester\"\n};\ncy.request(\"PUT\", \"https://reqres.in/api/users/2\", user).then(response => {\n  expect(response.status).equal(200);\n  expect(response.body.name).equal(user.name);\n  expect(response.body.job).equal(user.job);\n});",
              "err": {},
              "uuid": "cd37d552-f824-48d3-b35e-c3d1174d10c3",
              "parentUUID": "f091b8f8-48e6-45f4-b192-9c9551b4969a",
              "isHook": false,
              "skipped": false
            },
            {
              "title": "DELETE Method",
              "fullTitle": "API testing DELETE Method",
              "timedOut": null,
              "duration": 109,
              "state": "passed",
              "speed": "fast",
              "pass": true,
              "fail": false,
              "pending": false,
              "context": null,
              "code": "cy.request(\"DELETE\", \"https://reqres.in/api/users/2\").then(response => {\n  expect(response.status).equal(204);\n});",
              "err": {},
              "uuid": "c3459a1e-a6ec-4928-becb-535743b48be4",
              "parentUUID": "f091b8f8-48e6-45f4-b192-9c9551b4969a",
              "isHook": false,
              "skipped": false
            }
          ],
          "suites": [],
          "passes": [
            "ab96ad4a-fbb3-4860-8105-d5024256ddba",
            "3cb8e1ce-ecba-48d8-9d9f-e0adfa5a0916",
            "cd37d552-f824-48d3-b35e-c3d1174d10c3",
            "c3459a1e-a6ec-4928-becb-535743b48be4"
          ],
          "failures": [],
          "pending": [],
          "skipped": [],
          "duration": 739,
          "root": false,
          "rootEmpty": false,
          "_timeout": 2000
        }
      ],
      "passes": [],
      "failures": [],
      "pending": [],
      "skipped": [],
      "duration": 0,
      "root": true,
      "rootEmpty": true,
      "_timeout": 2000
    }
  ],
  "meta": {
    "mocha": {
      "version": "7.0.1"
    },
    "mochawesome": {
      "options": {
        "quiet": true,
        "reportFilename": "mochawesome",
        "saveHtml": false,
        "saveJson": true,
        "consoleReporter": "spec",
        "useInlineDiffs": false,
        "code": true
      },
      "version": "7.1.3"
    },
    "marge": {
      "options": {
        "id": "default",
        "reportDir": "cypress/reports/mocha",
        "quiet": true,
        "overwrite": false,
        "html": false,
        "json": true
      },
      "version": "6.2.0"
    }
  }
}