{
  "stats": {
    "suites": 1,
    "tests": 2,
    "passes": 2,
    "pending": 0,
    "failures": 0,
    "start": "2024-06-27T13:36:15.363Z",
    "end": "2024-06-27T13:36:20.624Z",
    "duration": 5261,
    "testsRegistered": 2,
    "passPercent": 100,
    "pendingPercent": 0,
    "other": 0,
    "hasOther": false,
    "skipped": 0,
    "hasSkipped": false
  },
  "results": [
    {
      "uuid": "dc0a27c3-5f25-491c-8d44-7973ebf3262f",
      "title": "",
      "fullFile": "cypress/e2e/login.cy.js",
      "file": "cypress/e2e/login.cy.js",
      "beforeHooks": [],
      "afterHooks": [],
      "tests": [],
      "suites": [
        {
          "uuid": "87e2fc5b-e993-4890-9fa6-a35e96e9eff0",
          "title": "Login Functionality",
          "fullFile": "",
          "file": "",
          "beforeHooks": [],
          "afterHooks": [],
          "tests": [
            {
              "title": "Conduit - Valid Credentials",
              "fullTitle": "Login Functionality Conduit - Valid Credentials",
              "timedOut": null,
              "duration": 2240,
              "state": "passed",
              "speed": "fast",
              "pass": true,
              "fail": false,
              "pending": false,
              "context": null,
              "code": "_HomePage.default.checkYourFeedIsVisible().clickSettingsButton().clickLogoutButton();",
              "err": {},
              "uuid": "84382342-f5cd-4477-a143-b9e11faf8f7c",
              "parentUUID": "87e2fc5b-e993-4890-9fa6-a35e96e9eff0",
              "isHook": false,
              "skipped": false
            },
            {
              "title": "Conduit - Invalid Credentials",
              "fullTitle": "Login Functionality Conduit - Invalid Credentials",
              "timedOut": null,
              "duration": 2943,
              "state": "passed",
              "speed": "fast",
              "pass": true,
              "fail": false,
              "pending": false,
              "context": null,
              "code": "cy.conduitLogin(this.data.invalidEmail, this.data.invalidPassword);\ncy.get(\".error-messages\").should(\"contain\", \"email or password is invalid\");",
              "err": {},
              "uuid": "02e4f5a4-f4a3-4385-8b64-f91b967b50e2",
              "parentUUID": "87e2fc5b-e993-4890-9fa6-a35e96e9eff0",
              "isHook": false,
              "skipped": false
            }
          ],
          "suites": [],
          "passes": [
            "84382342-f5cd-4477-a143-b9e11faf8f7c",
            "02e4f5a4-f4a3-4385-8b64-f91b967b50e2"
          ],
          "failures": [],
          "pending": [],
          "skipped": [],
          "duration": 5183,
          "root": false,
          "rootEmpty": false,
          "_timeout": 2000
        }
      ],
      "passes": [],
      "failures": [],
      "pending": [],
      "skipped": [],
      "duration": 0,
      "root": true,
      "rootEmpty": true,
      "_timeout": 2000
    }
  ],
  "meta": {
    "mocha": {
      "version": "7.0.1"
    },
    "mochawesome": {
      "options": {
        "quiet": true,
        "reportFilename": "mochawesome",
        "saveHtml": false,
        "saveJson": true,
        "consoleReporter": "spec",
        "useInlineDiffs": false,
        "code": true
      },
      "version": "7.1.3"
    },
    "marge": {
      "options": {
        "id": "default",
        "reportDir": "cypress/reports/mocha",
        "quiet": true,
        "overwrite": false,
        "html": false,
        "json": true
      },
      "version": "6.2.0"
    }
  }
}