{
  "stats": {
    "suites": 1,
    "tests": 4,
    "passes": 4,
    "pending": 0,
    "failures": 0,
    "start": "2024-06-27T13:36:08.133Z",
    "end": "2024-06-27T13:36:08.655Z",
    "duration": 522,
    "testsRegistered": 4,
    "passPercent": 100,
    "pendingPercent": 0,
    "other": 0,
    "hasOther": false,
    "skipped": 0,
    "hasSkipped": false
  },
  "results": [
    {
      "uuid": "57f36b3f-b737-4d20-af24-d011cb0f3938",
      "title": "",
      "fullFile": "cypress/e2e/apiTest.cy.js",
      "file": "cypress/e2e/apiTest.cy.js",
      "beforeHooks": [],
      "afterHooks": [],
      "tests": [],
      "suites": [
        {
          "uuid": "aac02791-8ae5-4259-90f5-7bedde68810a",
          "title": "API testing",
          "fullFile": "",
          "file": "",
          "beforeHooks": [],
          "afterHooks": [],
          "tests": [
            {
              "title": "GET Method",
              "fullTitle": "API testing GET Method",
              "timedOut": null,
              "duration": 139,
              "state": "passed",
              "speed": "fast",
              "pass": true,
              "fail": false,
              "pending": false,
              "context": null,
              "code": "cy.request(\"GET\", \"https://reqres.in/api/users?page=2\").then(response => {\n  expect(response.status).equal(200);\n  expect(response.body.data[0].first_name).equal(\"Michael\");\n});",
              "err": {},
              "uuid": "f4af269c-1a5e-4bcc-80a0-a7eab5ccf138",
              "parentUUID": "aac02791-8ae5-4259-90f5-7bedde68810a",
              "isHook": false,
              "skipped": false
            },
            {
              "title": "POST Method",
              "fullTitle": "API testing POST Method",
              "timedOut": null,
              "duration": 115,
              "state": "passed",
              "speed": "fast",
              "pass": true,
              "fail": false,
              "pending": false,
              "context": null,
              "code": "var user = {\n  name: \"morpheus\",\n  job: \"leader\"\n};\ncy.request(\"POST\", \"https://reqres.in/api/users\", user).then(response => {\n  expect(response.status).equal(201);\n  expect(response.body.name).equal(user.name);\n  expect(response.body.job).equal(user.job);\n});",
              "err": {},
              "uuid": "56c1176a-4c21-4fc7-9a45-47ec21ebed71",
              "parentUUID": "aac02791-8ae5-4259-90f5-7bedde68810a",
              "isHook": false,
              "skipped": false
            },
            {
              "title": "PUT Method",
              "fullTitle": "API testing PUT Method",
              "timedOut": null,
              "duration": 106,
              "state": "passed",
              "speed": "fast",
              "pass": true,
              "fail": false,
              "pending": false,
              "context": null,
              "code": "var user = {\n  name: \"vignesh\",\n  job: \"tester\"\n};\ncy.request(\"PUT\", \"https://reqres.in/api/users/2\", user).then(response => {\n  expect(response.status).equal(200);\n  expect(response.body.name).equal(user.name);\n  expect(response.body.job).equal(user.job);\n});",
              "err": {},
              "uuid": "a36cdb05-2799-43a0-99f8-fe60bc7aebe3",
              "parentUUID": "aac02791-8ae5-4259-90f5-7bedde68810a",
              "isHook": false,
              "skipped": false
            },
            {
              "title": "DELETE Method",
              "fullTitle": "API testing DELETE Method",
              "timedOut": null,
              "duration": 102,
              "state": "passed",
              "speed": "fast",
              "pass": true,
              "fail": false,
              "pending": false,
              "context": null,
              "code": "cy.request(\"DELETE\", \"https://reqres.in/api/users/2\").then(response => {\n  expect(response.status).equal(204);\n});",
              "err": {},
              "uuid": "744975b0-6eb5-4bc9-8835-b740ec006f4e",
              "parentUUID": "aac02791-8ae5-4259-90f5-7bedde68810a",
              "isHook": false,
              "skipped": false
            }
          ],
          "suites": [],
          "passes": [
            "f4af269c-1a5e-4bcc-80a0-a7eab5ccf138",
            "56c1176a-4c21-4fc7-9a45-47ec21ebed71",
            "a36cdb05-2799-43a0-99f8-fe60bc7aebe3",
            "744975b0-6eb5-4bc9-8835-b740ec006f4e"
          ],
          "failures": [],
          "pending": [],
          "skipped": [],
          "duration": 462,
          "root": false,
          "rootEmpty": false,
          "_timeout": 2000
        }
      ],
      "passes": [],
      "failures": [],
      "pending": [],
      "skipped": [],
      "duration": 0,
      "root": true,
      "rootEmpty": true,
      "_timeout": 2000
    }
  ],
  "meta": {
    "mocha": {
      "version": "7.0.1"
    },
    "mochawesome": {
      "options": {
        "quiet": true,
        "reportFilename": "mochawesome",
        "saveHtml": false,
        "saveJson": true,
        "consoleReporter": "spec",
        "useInlineDiffs": false,
        "code": true
      },
      "version": "7.1.3"
    },
    "marge": {
      "options": {
        "id": "default",
        "reportDir": "cypress/reports/mocha",
        "quiet": true,
        "overwrite": false,
        "html": false,
        "json": true
      },
      "version": "6.2.0"
    }
  }
}