{
  "stats": {
    "suites": 1,
    "tests": 2,
    "passes": 1,
    "pending": 2,
    "failures": -1,
    "start": "2024-06-27T16:21:35.491Z",
    "end": "2024-06-27T16:21:38.153Z",
    "duration": 2662,
    "testsRegistered": 3,
    "passPercent": 100,
    "pendingPercent": 66.66666666666666,
    "other": 1,
    "hasOther": true,
    "skipped": 0,
    "hasSkipped": false
  },
  "results": [
    {
      "uuid": "e5380f7f-cb22-4bc2-bb86-94e0bed29e1a",
      "title": "",
      "fullFile": "cypress/e2e/mockSpec.cy.js",
      "file": "cypress/e2e/mockSpec.cy.js",
      "beforeHooks": [],
      "afterHooks": [],
      "tests": [],
      "suites": [
        {
          "uuid": "ded7b9e2-0794-4f2a-b549-cd79e434ec91",
          "title": "Mock Testing",
          "fullFile": "",
          "file": "",
          "beforeHooks": [],
          "afterHooks": [],
          "tests": [
            {
              "title": "Tag Mock",
              "fullTitle": "Mock Testing Tag Mock",
              "timedOut": null,
              "duration": 2617,
              "state": "passed",
              "speed": "fast",
              "pass": true,
              "fail": false,
              "pending": false,
              "context": null,
              "code": "cy.intercept(\"GET\", \"/api/tags\", {\n  fixture: \"Tags.json\"\n});\ncy.contains(\"Your Feed\").should(\"be.visible\");\ncy.get(\"div.tag-list\").should(\"contain\", \"cypress\").and(\"contain\", \"unit\").and(\"contain\", \"unit\");",
              "err": {},
              "uuid": "626a3b61-c86d-43fd-ab7b-5ca737dd0558",
              "parentUUID": "ded7b9e2-0794-4f2a-b549-cd79e434ec91",
              "isHook": false,
              "skipped": false
            },
            {
              "title": "Article Mock",
              "fullTitle": "Mock Testing Article Mock",
              "timedOut": null,
              "duration": 0,
              "state": "pending",
              "speed": null,
              "pass": false,
              "fail": false,
              "pending": true,
              "context": null,
              "code": "cy.intercept(\"GET\", \"/api/articles/*\", {\n  fixture: \"Article.json\"\n});\ncy.contains(\"Your Feed\").should(\"be.visible\");\ncy.contains(\"Global Feed\").click();\ncy.get(\".col-md-9\").should(\"contain\", \"Demo Mock Cypress\");",
              "err": {},
              "uuid": "cb05f055-53f0-47c8-a205-3e1be0a12232",
              "parentUUID": "ded7b9e2-0794-4f2a-b549-cd79e434ec91",
              "isHook": false,
              "skipped": false
            },
            {
              "title": "Login User Mock",
              "fullTitle": "Mock Testing Login User Mock",
              "timedOut": null,
              "duration": 0,
              "state": "pending",
              "speed": null,
              "pass": false,
              "fail": false,
              "pending": true,
              "context": null,
              "code": "cy.intercept(\"POST\", \"/api/users/login\", {\n  fixture: \"Login.json\"\n});\ncy.get('a[href^=\"#@\"]').should(\"contain\", \"Civan\");",
              "err": {},
              "uuid": "56906a89-71be-4e56-ad43-1341b945addf",
              "parentUUID": "ded7b9e2-0794-4f2a-b549-cd79e434ec91",
              "isHook": false,
              "skipped": false
            }
          ],
          "suites": [],
          "passes": [
            "626a3b61-c86d-43fd-ab7b-5ca737dd0558"
          ],
          "failures": [],
          "pending": [
            "cb05f055-53f0-47c8-a205-3e1be0a12232",
            "56906a89-71be-4e56-ad43-1341b945addf"
          ],
          "skipped": [],
          "duration": 2617,
          "root": false,
          "rootEmpty": false,
          "_timeout": 2000
        }
      ],
      "passes": [],
      "failures": [],
      "pending": [],
      "skipped": [],
      "duration": 0,
      "root": true,
      "rootEmpty": true,
      "_timeout": 2000
    }
  ],
  "meta": {
    "mocha": {
      "version": "7.0.1"
    },
    "mochawesome": {
      "options": {
        "quiet": true,
        "reportFilename": "mochawesome",
        "saveHtml": false,
        "saveJson": true,
        "consoleReporter": "spec",
        "useInlineDiffs": false,
        "code": true
      },
      "version": "7.1.3"
    },
    "marge": {
      "options": {
        "id": "default",
        "reportDir": "cypress/reports/mocha",
        "quiet": true,
        "overwrite": false,
        "html": false,
        "json": true
      },
      "version": "6.2.0"
    }
  }
}