{
  "stats": {
    "suites": 1,
    "tests": 1,
    "passes": 1,
    "pending": 0,
    "failures": 0,
    "start": "2024-06-27T15:39:41.610Z",
    "end": "2024-06-27T15:39:43.392Z",
    "duration": 1782,
    "testsRegistered": 1,
    "passPercent": 100,
    "pendingPercent": 0,
    "other": 0,
    "hasOther": false,
    "skipped": 0,
    "hasSkipped": false
  },
  "results": [
    {
      "uuid": "6e003ded-0933-4131-8f19-88a2af2464bb",
      "title": "",
      "fullFile": "cypress/e2e/mockSpec.cy.js",
      "file": "cypress/e2e/mockSpec.cy.js",
      "beforeHooks": [],
      "afterHooks": [],
      "tests": [],
      "suites": [
        {
          "uuid": "bd5ba2d2-ddce-42ee-a705-50762fc74149",
          "title": "Mock Testing",
          "fullFile": "",
          "file": "",
          "beforeHooks": [],
          "afterHooks": [],
          "tests": [
            {
              "title": "Login User Mock",
              "fullTitle": "Mock Testing Login User Mock",
              "timedOut": null,
              "duration": 1740,
              "state": "passed",
              "speed": "fast",
              "pass": true,
              "fail": false,
              "pending": false,
              "context": null,
              "code": "cy.intercept(\"POST\", \"/api/users/login\", {\n  fixture: \"Login.json\"\n});\ncy.get('a[href^=\"#@\"]').should(\"contain\", \"Civan\");",
              "err": {},
              "uuid": "0f20cd8e-390d-475a-b3cd-f59093461bbd",
              "parentUUID": "bd5ba2d2-ddce-42ee-a705-50762fc74149",
              "isHook": false,
              "skipped": false
            }
          ],
          "suites": [],
          "passes": [
            "0f20cd8e-390d-475a-b3cd-f59093461bbd"
          ],
          "failures": [],
          "pending": [],
          "skipped": [],
          "duration": 1740,
          "root": false,
          "rootEmpty": false,
          "_timeout": 2000
        }
      ],
      "passes": [],
      "failures": [],
      "pending": [],
      "skipped": [],
      "duration": 0,
      "root": true,
      "rootEmpty": true,
      "_timeout": 2000
    }
  ],
  "meta": {
    "mocha": {
      "version": "7.0.1"
    },
    "mochawesome": {
      "options": {
        "quiet": true,
        "reportFilename": "mochawesome",
        "saveHtml": false,
        "saveJson": true,
        "consoleReporter": "spec",
        "useInlineDiffs": false,
        "code": true
      },
      "version": "7.1.3"
    },
    "marge": {
      "options": {
        "id": "default",
        "reportDir": "cypress/reports/mocha",
        "quiet": true,
        "overwrite": false,
        "html": false,
        "json": true
      },
      "version": "6.2.0"
    }
  }
}