{
  "stats": {
    "suites": 3,
    "tests": 7,
    "passes": 7,
    "pending": 0,
    "failures": 0,
    "testsRegistered": 7,
    "passPercent": 100,
    "pendingPercent": 0,
    "other": 0,
    "hasOther": false,
    "skipped": 0,
    "hasSkipped": false,
    "start": "2024-06-27T13:36:08.133Z",
    "end": "2024-06-27T13:36:20.624Z",
    "duration": 12491
  },
  "results": [
    {
      "uuid": "57f36b3f-b737-4d20-af24-d011cb0f3938",
      "title": "",
      "fullFile": "cypress/e2e/apiTest.cy.js",
      "file": "cypress/e2e/apiTest.cy.js",
      "beforeHooks": [],
      "afterHooks": [],
      "tests": [],
      "suites": [
        {
          "uuid": "aac02791-8ae5-4259-90f5-7bedde68810a",
          "title": "API testing",
          "fullFile": "",
          "file": "",
          "beforeHooks": [],
          "afterHooks": [],
          "tests": [
            {
              "title": "GET Method",
              "fullTitle": "API testing GET Method",
              "timedOut": null,
              "duration": 139,
              "state": "passed",
              "speed": "fast",
              "pass": true,
              "fail": false,
              "pending": false,
              "context": null,
              "code": "cy.request(\"GET\", \"https://reqres.in/api/users?page=2\").then(response => {\n  expect(response.status).equal(200);\n  expect(response.body.data[0].first_name).equal(\"Michael\");\n});",
              "err": {},
              "uuid": "f4af269c-1a5e-4bcc-80a0-a7eab5ccf138",
              "parentUUID": "aac02791-8ae5-4259-90f5-7bedde68810a",
              "isHook": false,
              "skipped": false
            },
            {
              "title": "POST Method",
              "fullTitle": "API testing POST Method",
              "timedOut": null,
              "duration": 115,
              "state": "passed",
              "speed": "fast",
              "pass": true,
              "fail": false,
              "pending": false,
              "context": null,
              "code": "var user = {\n  name: \"morpheus\",\n  job: \"leader\"\n};\ncy.request(\"POST\", \"https://reqres.in/api/users\", user).then(response => {\n  expect(response.status).equal(201);\n  expect(response.body.name).equal(user.name);\n  expect(response.body.job).equal(user.job);\n});",
              "err": {},
              "uuid": "56c1176a-4c21-4fc7-9a45-47ec21ebed71",
              "parentUUID": "aac02791-8ae5-4259-90f5-7bedde68810a",
              "isHook": false,
              "skipped": false
            },
            {
              "title": "PUT Method",
              "fullTitle": "API testing PUT Method",
              "timedOut": null,
              "duration": 106,
              "state": "passed",
              "speed": "fast",
              "pass": true,
              "fail": false,
              "pending": false,
              "context": null,
              "code": "var user = {\n  name: \"vignesh\",\n  job: \"tester\"\n};\ncy.request(\"PUT\", \"https://reqres.in/api/users/2\", user).then(response => {\n  expect(response.status).equal(200);\n  expect(response.body.name).equal(user.name);\n  expect(response.body.job).equal(user.job);\n});",
              "err": {},
              "uuid": "a36cdb05-2799-43a0-99f8-fe60bc7aebe3",
              "parentUUID": "aac02791-8ae5-4259-90f5-7bedde68810a",
              "isHook": false,
              "skipped": false
            },
            {
              "title": "DELETE Method",
              "fullTitle": "API testing DELETE Method",
              "timedOut": null,
              "duration": 102,
              "state": "passed",
              "speed": "fast",
              "pass": true,
              "fail": false,
              "pending": false,
              "context": null,
              "code": "cy.request(\"DELETE\", \"https://reqres.in/api/users/2\").then(response => {\n  expect(response.status).equal(204);\n});",
              "err": {},
              "uuid": "744975b0-6eb5-4bc9-8835-b740ec006f4e",
              "parentUUID": "aac02791-8ae5-4259-90f5-7bedde68810a",
              "isHook": false,
              "skipped": false
            }
          ],
          "suites": [],
          "passes": [
            "f4af269c-1a5e-4bcc-80a0-a7eab5ccf138",
            "56c1176a-4c21-4fc7-9a45-47ec21ebed71",
            "a36cdb05-2799-43a0-99f8-fe60bc7aebe3",
            "744975b0-6eb5-4bc9-8835-b740ec006f4e"
          ],
          "failures": [],
          "pending": [],
          "skipped": [],
          "duration": 462,
          "root": false,
          "rootEmpty": false,
          "_timeout": 2000
        }
      ],
      "passes": [],
      "failures": [],
      "pending": [],
      "skipped": [],
      "duration": 0,
      "root": true,
      "rootEmpty": true,
      "_timeout": 2000
    },
    {
      "uuid": "402d5996-2417-4481-bc97-b93b99e52da0",
      "title": "",
      "fullFile": "cypress/e2e/createNewPost.cy.js",
      "file": "cypress/e2e/createNewPost.cy.js",
      "beforeHooks": [],
      "afterHooks": [],
      "tests": [],
      "suites": [
        {
          "uuid": "26683d2d-3d7d-4ab1-9e84-4f6ba0c942a7",
          "title": "Create New Post",
          "fullFile": "",
          "file": "",
          "beforeHooks": [],
          "afterHooks": [],
          "tests": [
            {
              "title": "Create a new post",
              "fullTitle": "Create New Post Create a new post",
              "timedOut": null,
              "duration": 4859,
              "state": "passed",
              "speed": "fast",
              "pass": true,
              "fail": false,
              "pending": false,
              "context": null,
              "code": "_HomePage.default.clickNewPostButton().enterArticleTitle(\"TEST\").enterArticleAbout(\"Automation\").enterArticle(\"Testing pyramid starts with unit and integration testing.\").enterTags(\"#Automation #Test\");",
              "err": {},
              "uuid": "be1f5b4f-95d3-4241-87e6-ba202a475dd9",
              "parentUUID": "26683d2d-3d7d-4ab1-9e84-4f6ba0c942a7",
              "isHook": false,
              "skipped": false
            }
          ],
          "suites": [],
          "passes": [
            "be1f5b4f-95d3-4241-87e6-ba202a475dd9"
          ],
          "failures": [],
          "pending": [],
          "skipped": [],
          "duration": 4859,
          "root": false,
          "rootEmpty": false,
          "_timeout": 2000
        }
      ],
      "passes": [],
      "failures": [],
      "pending": [],
      "skipped": [],
      "duration": 0,
      "root": true,
      "rootEmpty": true,
      "_timeout": 2000
    },
    {
      "uuid": "dc0a27c3-5f25-491c-8d44-7973ebf3262f",
      "title": "",
      "fullFile": "cypress/e2e/login.cy.js",
      "file": "cypress/e2e/login.cy.js",
      "beforeHooks": [],
      "afterHooks": [],
      "tests": [],
      "suites": [
        {
          "uuid": "87e2fc5b-e993-4890-9fa6-a35e96e9eff0",
          "title": "Login Functionality",
          "fullFile": "",
          "file": "",
          "beforeHooks": [],
          "afterHooks": [],
          "tests": [
            {
              "title": "Conduit - Valid Credentials",
              "fullTitle": "Login Functionality Conduit - Valid Credentials",
              "timedOut": null,
              "duration": 2240,
              "state": "passed",
              "speed": "fast",
              "pass": true,
              "fail": false,
              "pending": false,
              "context": null,
              "code": "_HomePage.default.checkYourFeedIsVisible().clickSettingsButton().clickLogoutButton();",
              "err": {},
              "uuid": "84382342-f5cd-4477-a143-b9e11faf8f7c",
              "parentUUID": "87e2fc5b-e993-4890-9fa6-a35e96e9eff0",
              "isHook": false,
              "skipped": false
            },
            {
              "title": "Conduit - Invalid Credentials",
              "fullTitle": "Login Functionality Conduit - Invalid Credentials",
              "timedOut": null,
              "duration": 2943,
              "state": "passed",
              "speed": "fast",
              "pass": true,
              "fail": false,
              "pending": false,
              "context": null,
              "code": "cy.conduitLogin(this.data.invalidEmail, this.data.invalidPassword);\ncy.get(\".error-messages\").should(\"contain\", \"email or password is invalid\");",
              "err": {},
              "uuid": "02e4f5a4-f4a3-4385-8b64-f91b967b50e2",
              "parentUUID": "87e2fc5b-e993-4890-9fa6-a35e96e9eff0",
              "isHook": false,
              "skipped": false
            }
          ],
          "suites": [],
          "passes": [
            "84382342-f5cd-4477-a143-b9e11faf8f7c",
            "02e4f5a4-f4a3-4385-8b64-f91b967b50e2"
          ],
          "failures": [],
          "pending": [],
          "skipped": [],
          "duration": 5183,
          "root": false,
          "rootEmpty": false,
          "_timeout": 2000
        }
      ],
      "passes": [],
      "failures": [],
      "pending": [],
      "skipped": [],
      "duration": 0,
      "root": true,
      "rootEmpty": true,
      "_timeout": 2000
    }
  ],
  "meta": {
    "mocha": {
      "version": "7.0.1"
    },
    "mochawesome": {
      "options": {
        "quiet": true,
        "reportFilename": "mochawesome",
        "saveHtml": false,
        "saveJson": true,
        "consoleReporter": "spec",
        "useInlineDiffs": false,
        "code": true
      },
      "version": "7.1.3"
    },
    "marge": {
      "options": {
        "id": "default",
        "reportDir": "cypress/reports/mocha",
        "quiet": true,
        "overwrite": false,
        "html": false,
        "json": true
      },
      "version": "6.2.0"
    }
  }
}